d:\赵浩钧\程序项目\gugumeet\guguserver\guguserver\release\vc142.pdb
d:\赵浩钧\程序项目\gugumeet\guguserver\guguserver\release\tcpserver.obj
d:\赵浩钧\程序项目\gugumeet\guguserver\guguserver\release\main.obj
d:\赵浩钧\程序项目\gugumeet\guguserver\guguserver\release\clientsocket.obj
d:\赵浩钧\程序项目\gugumeet\guguserver\guguserver\release\cellthread.obj
d:\赵浩钧\程序项目\gugumeet\guguserver\guguserver\release\celltask.obj
d:\赵浩钧\程序项目\gugumeet\guguserver\guguserver\release\cellserver.obj
d:\赵浩钧\程序项目\gugumeet\guguserver\guguserver\release\cellsemaphore.obj
d:\赵浩钧\程序项目\gugumeet\guguserver\release\guguserver.lib
d:\赵浩钧\程序项目\gugumeet\guguserver\release\guguserver.exp
d:\赵浩钧\程序项目\gugumeet\guguserver\release\guguserver.ipdb
d:\赵浩钧\程序项目\gugumeet\guguserver\release\guguserver.iobj
d:\赵浩钧\程序项目\gugumeet\guguserver\release\guguserver.exe
d:\赵浩钧\程序项目\gugumeet\guguserver\release\guguserver.pdb
d:\赵浩钧\程序项目\gugumeet\guguserver\guguserver\release\guguserver.tlog\cl.command.1.tlog
d:\赵浩钧\程序项目\gugumeet\guguserver\guguserver\release\guguserver.tlog\cl.read.1.tlog
d:\赵浩钧\程序项目\gugumeet\guguserver\guguserver\release\guguserver.tlog\cl.write.1.tlog
d:\赵浩钧\程序项目\gugumeet\guguserver\guguserver\release\guguserver.tlog\guguserver.write.1u.tlog
d:\赵浩钧\程序项目\gugumeet\guguserver\guguserver\release\guguserver.tlog\link.command.1.tlog
d:\赵浩钧\程序项目\gugumeet\guguserver\guguserver\release\guguserver.tlog\link.read.1.tlog
d:\赵浩钧\程序项目\gugumeet\guguserver\guguserver\release\guguserver.tlog\link.write.1.tlog
